{"path": "/admin/api/", "request_total": 0.017, "sql_count": 2, "sql_total": 0.001}
{"path": "/admin/api/", "request_total": 0.044, "sql_count": 0, "sql_total": 0}
{"path": "/admin/api/", "request_total": 0.018, "sql_count": 0, "sql_total": 0}
{"path": "/admin/api/client/", "request_total": 0.058, "sql_count": 0, "sql_total": 0}
{"path": "/admin/jsi18n/", "request_total": 0.025, "sql_count": 0, "sql_total": 0}
{"path": "/admin/api/", "request_total": 0.019, "sql_count": 0, "sql_total": 0}
{"path": "/admin/api/mailing/", "request_total": 0.05, "sql_count": 0, "sql_total": 0}
{"path": "/admin/jsi18n/", "request_total": 0.008, "sql_count": 0, "sql_total": 0}
{"path": "/admin/api/mailing/1/change/", "request_total": 0.068, "sql_count": 0, "sql_total": 0}
{"path": "/admin/jsi18n/", "request_total": 0.018, "sql_count": 0, "sql_total": 0}
{"path": "/admin/api/mailing/", "request_total": 0.082, "sql_count": 0, "sql_total": 0}
{"path": "/admin/api/", "request_total": 0.019, "sql_count": 0, "sql_total": 0}
{"path": "/admin/api/", "request_total": 0.019, "sql_count": 0, "sql_total": 0}
{"path": "/admin/api/", "request_total": 0.018, "sql_count": 0, "sql_total": 0}
{"path": "/admin/api/", "request_total": 0.022, "sql_count": 0, "sql_total": 0}
{"path": "/admin/api/", "request_total": 0.045, "sql_count": 2, "sql_total": 0.002}
{"path": "/admin/api/client/", "request_total": 0.058, "sql_count": 9, "sql_total": 0.005}
{"path": "/admin/jsi18n/", "request_total": 0.011, "sql_count": 2, "sql_total": 0.002}
{"path": "/admin/api/", "request_total": 0.019, "sql_count": 2, "sql_total": 0.002}
{"path": "/admin/api/", "request_total": 0.017, "sql_count": 2, "sql_total": 0.001}
{"path": "/", "request_total": 0.007, "sql_count": 0, "sql_total": 0}
{"path": "/api/v1/", "request_total": 0.036, "sql_count": 2, "sql_total": 0.003}
{"path": "/v1/mailings/", "request_total": 0.05, "sql_count": 9, "sql_total": 0.005}
{"path": "/admin/", "request_total": 0.033, "sql_count": 3, "sql_total": 0.003}
{"path": "/docs/", "request_total": 0.011, "sql_count": 2, "sql_total": 0.002}
{"path": "/docs/", "request_total": 0.046, "sql_count": 2, "sql_total": 0.002}
{"path": "/redoc/", "request_total": 0.011, "sql_count": 2, "sql_total": 0.002}
{"path": "/redoc/", "request_total": 0.046, "sql_count": 2, "sql_total": 0.002}
{"path": "/", "request_total": 0.005, "sql_count": 0, "sql_total": 0}
{"path": "/", "request_total": 0.008, "sql_count": 0, "sql_total": 0}
{"path": "/api/v1/", "request_total": 0.085, "sql_count": 0, "sql_total": 0}
